This file contains any messages produced by compilers while
running configure, to aid debugging if configure makes a mistake.

It was created by csmith configure 2.2.0, which was
generated by GNU Autoconf 2.69.  Invocation command line was

  $ ./configure 

## --------- ##
## Platform. ##
## --------- ##

hostname = h-MBP-sl-eitan
uname -m = x86_64
uname -r = 15.4.0
uname -s = Darwin
uname -v = Darwin Kernel Version 15.4.0: Fri Feb 26 22:08:05 PST 2016; root:xnu-3248.40.184~3/RELEASE_X86_64

/usr/bin/uname -p = i386
/bin/uname -X     = unknown

/bin/arch              = unknown
/usr/bin/arch -k       = unknown
/usr/convex/getsysinfo = unknown
/usr/bin/hostinfo      = Mach kernel version:
	 Darwin Kernel Version 15.4.0: Fri Feb 26 22:08:05 PST 2016; root:xnu-3248.40.184~3/RELEASE_X86_64
Kernel configured for up to 4 processors.
2 processors are physically available.
4 processors are logically available.
Processor type: x86_64h (Intel x86-64h Haswell)
Processors active: 0 1 2 3
Primary memory available: 8.00 gigabytes
Default processor set: 265 tasks, 1571 threads, 4 processors
Load average: 1.37, Mach factor: 2.62
/bin/machine           = unknown
/usr/bin/oslevel       = unknown
/bin/universe          = unknown

PATH: /Library/Frameworks/Python.framework/Versions/2.7/bin
PATH: /usr/local/bin
PATH: /usr/bin
PATH: /bin
PATH: /usr/sbin
PATH: /sbin


## ----------- ##
## Core tests. ##
## ----------- ##

configure:2303: checking build system type
configure:2317: result: x86_64-apple-darwin15.4.0
configure:2337: checking host system type
configure:2350: result: x86_64-apple-darwin15.4.0
configure:2370: checking target system type
configure:2383: result: x86_64-apple-darwin15.4.0
configure:2427: checking for a BSD-compatible install
configure:2495: result: /usr/bin/install -c
configure:2506: checking whether build environment is sane
configure:2561: result: yes
configure:2712: checking for a thread-safe mkdir -p
configure:2751: result: autoconf/install-sh -c -d
configure:2758: checking for gawk
configure:2788: result: no
configure:2758: checking for mawk
configure:2788: result: no
configure:2758: checking for nawk
configure:2788: result: no
configure:2758: checking for awk
configure:2774: found /usr/bin/awk
configure:2785: result: awk
configure:2796: checking whether make sets $(MAKE)
configure:2818: result: yes
configure:2847: checking whether make supports nested variables
configure:2864: result: yes
configure:2991: checking whether to enable maintainer-specific portions of Makefiles
configure:3000: result: no
configure:3032: checking for style of include used by make
configure:3060: result: GNU
configure:3131: checking for gcc
configure:3147: found /usr/bin/gcc
configure:3158: result: gcc
configure:3387: checking for C compiler version
configure:3396: gcc --version >&5
Apple LLVM version 7.0.2 (clang-700.1.81)
Target: x86_64-apple-darwin15.4.0
Thread model: posix
Configured with: --prefix=/Applications/Xcode.app/Contents/Developer/usr --with-gxx-include-dir=/usr/include/c++/4.2.1
configure:3407: $? = 0
configure:3396: gcc -v >&5
Configured with: --prefix=/Applications/Xcode.app/Contents/Developer/usr --with-gxx-include-dir=/usr/include/c++/4.2.1
Apple LLVM version 7.0.2 (clang-700.1.81)
Target: x86_64-apple-darwin15.4.0
Thread model: posix
configure:3407: $? = 0
configure:3396: gcc -V >&5
clang: error: argument to '-V' is missing (expected 1 value)
clang: error: no input files
configure:3407: $? = 1
configure:3396: gcc -qversion >&5
clang: error: unknown argument: '-qversion'
clang: error: no input files
configure:3407: $? = 1
configure:3427: checking whether the C compiler works
configure:3449: gcc    conftest.c  >&5
configure:3453: $? = 0
configure:3501: result: yes
configure:3504: checking for C compiler default output file name
configure:3506: result: a.out
configure:3512: checking for suffix of executables
configure:3519: gcc -o conftest    conftest.c  >&5
configure:3523: $? = 0
configure:3545: result: 
configure:3567: checking whether we are cross compiling
configure:3575: gcc -o conftest    conftest.c  >&5
configure:3579: $? = 0
configure:3586: ./conftest
configure:3590: $? = 0
configure:3605: result: no
configure:3610: checking for suffix of object files
configure:3632: gcc -c   conftest.c >&5
configure:3636: $? = 0
configure:3657: result: o
configure:3661: checking whether we are using the GNU C compiler
configure:3680: gcc -c   conftest.c >&5
configure:3680: $? = 0
configure:3689: result: yes
configure:3698: checking whether gcc accepts -g
configure:3718: gcc -c -g  conftest.c >&5
configure:3718: $? = 0
configure:3759: result: yes
configure:3776: checking for gcc option to accept ISO C89
configure:3839: gcc  -c -g -O2  conftest.c >&5
configure:3839: $? = 0
configure:3852: result: none needed
configure:3877: checking whether gcc understands -c and -o together
configure:3899: gcc -c conftest.c -o conftest2.o
configure:3902: $? = 0
configure:3899: gcc -c conftest.c -o conftest2.o
configure:3902: $? = 0
configure:3914: result: yes
configure:3933: checking dependency style of gcc
configure:4044: result: gcc3
configure:4118: checking for g++
configure:4134: found /usr/bin/g++
configure:4145: result: g++
configure:4172: checking for C++ compiler version
configure:4181: g++ --version >&5
Apple LLVM version 7.0.2 (clang-700.1.81)
Target: x86_64-apple-darwin15.4.0
Thread model: posix
Configured with: --prefix=/Applications/Xcode.app/Contents/Developer/usr --with-gxx-include-dir=/usr/include/c++/4.2.1
configure:4192: $? = 0
configure:4181: g++ -v >&5
Configured with: --prefix=/Applications/Xcode.app/Contents/Developer/usr --with-gxx-include-dir=/usr/include/c++/4.2.1
Apple LLVM version 7.0.2 (clang-700.1.81)
Target: x86_64-apple-darwin15.4.0
Thread model: posix
configure:4192: $? = 0
configure:4181: g++ -V >&5
clang: error: argument to '-V' is missing (expected 1 value)
clang: error: no input files
configure:4192: $? = 1
configure:4181: g++ -qversion >&5
clang: error: unknown argument: '-qversion'
clang: error: no input files
configure:4192: $? = 1
configure:4196: checking whether we are using the GNU C++ compiler
configure:4215: g++ -c   conftest.cpp >&5
configure:4215: $? = 0
configure:4224: result: yes
configure:4233: checking whether g++ accepts -g
configure:4253: g++ -c -g  conftest.cpp >&5
configure:4253: $? = 0
configure:4294: result: yes
configure:4319: checking dependency style of g++
configure:4430: result: gcc3
configure:4488: checking for ranlib
configure:4504: found /usr/bin/ranlib
configure:4515: result: ranlib
configure:4539: WARNING: Libtool does not cope well with whitespace in `pwd`
configure:4583: checking how to print strings
configure:4610: result: printf
configure:4631: checking for a sed that does not truncate output
configure:4695: result: /usr/bin/sed
configure:4713: checking for grep that handles long lines and -e
configure:4771: result: /usr/bin/grep
configure:4776: checking for egrep
configure:4838: result: /usr/bin/grep -E
configure:4843: checking for fgrep
configure:4905: result: /usr/bin/grep -F
configure:4940: checking for ld used by gcc
configure:5007: result: /Applications/Xcode.app/Contents/Developer/Toolchains/XcodeDefault.xctoolchain/usr/bin/ld
configure:5014: checking if the linker (/Applications/Xcode.app/Contents/Developer/Toolchains/XcodeDefault.xctoolchain/usr/bin/ld) is GNU ld
configure:5029: result: no
configure:5041: checking for BSD- or MS-compatible name lister (nm)
configure:5095: result: /usr/bin/nm
configure:5225: checking the name lister (/usr/bin/nm) interface
configure:5232: gcc -c -g -O2  conftest.c >&5
configure:5235: /usr/bin/nm "conftest.o"
configure:5238: output
000000000000023c S _some_variable
configure:5245: result: BSD nm
configure:5248: checking whether ln -s works
configure:5252: result: yes
configure:5260: checking the maximum length of command line arguments
configure:5391: result: 196608
configure:5439: checking how to convert x86_64-apple-darwin15.4.0 file names to x86_64-apple-darwin15.4.0 format
configure:5479: result: func_convert_file_noop
configure:5486: checking how to convert x86_64-apple-darwin15.4.0 file names to toolchain format
configure:5506: result: func_convert_file_noop
configure:5513: checking for /Applications/Xcode.app/Contents/Developer/Toolchains/XcodeDefault.xctoolchain/usr/bin/ld option to reload object files
configure:5520: result: -r
configure:5594: checking for objdump
configure:5624: result: no
configure:5653: checking how to recognize dependent libraries
configure:5853: result: pass_all
configure:5938: checking for dlltool
configure:5968: result: no
configure:5998: checking how to associate runtime and link libraries
configure:6025: result: printf %s\n
configure:6086: checking for ar
configure:6102: found /usr/bin/ar
configure:6113: result: ar
configure:6150: checking for archiver @FILE support
configure:6167: gcc -c -g -O2  conftest.c >&5
configure:6167: $? = 0
configure:6170: ar cru libconftest.a @conftest.lst >&5
ar: @conftest.lst: No such file or directory
configure:6173: $? = 1
configure:6193: result: no
configure:6251: checking for strip
configure:6267: found /usr/bin/strip
configure:6278: result: strip
configure:6350: checking for ranlib
configure:6377: result: ranlib
configure:6479: checking command to parse /usr/bin/nm output from gcc object
configure:6632: gcc -c -g -O2  conftest.c >&5
configure:6635: $? = 0
configure:6639: /usr/bin/nm conftest.o \| sed -n -e 's/^.*[ ]\([BCDEGRST][BCDEGRST]*\)[ ][ ]*\([_A-Za-z][_A-Za-z0-9]*\)$/\1 \2 \2/p' | sed '/ __gnu_lto/d' \> conftest.nm
configure:6642: $? = 0
cannot find nm_test_var in conftest.nm
configure:6632: gcc -c -g -O2  conftest.c >&5
configure:6635: $? = 0
configure:6639: /usr/bin/nm conftest.o \| sed -n -e 's/^.*[ ]\([BCDEGRST][BCDEGRST]*\)[ ][ ]*_\([_A-Za-z][_A-Za-z0-9]*\)$/\1 _\2 \2/p' | sed '/ __gnu_lto/d' \> conftest.nm
configure:6642: $? = 0
configure:6708: gcc -o conftest -g -O2   conftest.c conftstm.o >&5
warning: (x86_64)  could not find object file symbol for symbol _main
configure:6711: $? = 0
configure:6749: result: ok
configure:6796: checking for sysroot
configure:6826: result: no
configure:6833: checking for a working dd
configure:6871: result: /bin/dd
configure:6875: checking how to truncate binary pipes
configure:6890: result: /bin/dd bs=4096 count=1
configure:7204: checking for mt
configure:7234: result: no
configure:7254: checking if : is a manifest tool
configure:7260: : '-?'
configure:7268: result: no
configure:7324: checking for dsymutil
configure:7340: found /usr/bin/dsymutil
configure:7351: result: dsymutil
configure:7416: checking for nmedit
configure:7432: found /usr/bin/nmedit
configure:7443: result: nmedit
configure:7508: checking for lipo
configure:7524: found /usr/bin/lipo
configure:7535: result: lipo
configure:7600: checking for otool
configure:7616: found /usr/bin/otool
configure:7627: result: otool
configure:7692: checking for otool64
configure:7722: result: no
configure:7767: checking for -single_module linker flag
gcc -g -O2  -o libconftest.dylib -dynamiclib -Wl,-single_module conftest.c
configure:7800: result: yes
configure:7803: checking for -exported_symbols_list linker flag
configure:7823: gcc -o conftest -g -O2   -Wl,-exported_symbols_list,conftest.sym conftest.c  >&5
configure:7823: $? = 0
configure:7833: result: yes
configure:7836: checking for -force_load linker flag
gcc -g -O2 -c -o conftest.o conftest.c
ar cru libconftest.a conftest.o
ranlib libconftest.a
gcc -g -O2  -o conftest conftest.c -Wl,-force_load,./libconftest.a
configure:7868: result: yes
configure:7910: checking how to run the C preprocessor
configure:7941: gcc -E  conftest.c
configure:7941: $? = 0
configure:7955: gcc -E  conftest.c
conftest.c:11:10: fatal error: 'ac_nonexistent.h' file not found
#include <ac_nonexistent.h>
         ^
1 error generated.
configure:7955: $? = 1
configure: failed program was:
| /* confdefs.h */
| #define PACKAGE_NAME "csmith"
| #define PACKAGE_TARNAME "csmith"
| #define PACKAGE_VERSION "2.2.0"
| #define PACKAGE_STRING "csmith 2.2.0"
| #define PACKAGE_BUGREPORT "csmith-bugs@flux.utah.edu"
| #define PACKAGE_URL "http://embed.cs.utah.edu/csmith/"
| #define PACKAGE "csmith"
| #define VERSION "2.2.0"
| /* end confdefs.h.  */
| #include <ac_nonexistent.h>
configure:7980: result: gcc -E
configure:8000: gcc -E  conftest.c
configure:8000: $? = 0
configure:8014: gcc -E  conftest.c
conftest.c:11:10: fatal error: 'ac_nonexistent.h' file not found
#include <ac_nonexistent.h>
         ^
1 error generated.
configure:8014: $? = 1
configure: failed program was:
| /* confdefs.h */
| #define PACKAGE_NAME "csmith"
| #define PACKAGE_TARNAME "csmith"
| #define PACKAGE_VERSION "2.2.0"
| #define PACKAGE_STRING "csmith 2.2.0"
| #define PACKAGE_BUGREPORT "csmith-bugs@flux.utah.edu"
| #define PACKAGE_URL "http://embed.cs.utah.edu/csmith/"
| #define PACKAGE "csmith"
| #define VERSION "2.2.0"
| /* end confdefs.h.  */
| #include <ac_nonexistent.h>
configure:8043: checking for ANSI C header files
configure:8063: gcc -c -g -O2  conftest.c >&5
configure:8063: $? = 0
configure:8136: gcc -o conftest -g -O2   conftest.c  >&5
configure:8136: $? = 0
configure:8136: ./conftest
configure:8136: $? = 0
configure:8147: result: yes
configure:8160: checking for sys/types.h
configure:8160: gcc -c -g -O2  conftest.c >&5
configure:8160: $? = 0
configure:8160: result: yes
configure:8160: checking for sys/stat.h
configure:8160: gcc -c -g -O2  conftest.c >&5
configure:8160: $? = 0
configure:8160: result: yes
configure:8160: checking for stdlib.h
configure:8160: gcc -c -g -O2  conftest.c >&5
configure:8160: $? = 0
configure:8160: result: yes
configure:8160: checking for string.h
configure:8160: gcc -c -g -O2  conftest.c >&5
configure:8160: $? = 0
configure:8160: result: yes
configure:8160: checking for memory.h
configure:8160: gcc -c -g -O2  conftest.c >&5
configure:8160: $? = 0
configure:8160: result: yes
configure:8160: checking for strings.h
configure:8160: gcc -c -g -O2  conftest.c >&5
configure:8160: $? = 0
configure:8160: result: yes
configure:8160: checking for inttypes.h
configure:8160: gcc -c -g -O2  conftest.c >&5
configure:8160: $? = 0
configure:8160: result: yes
configure:8160: checking for stdint.h
configure:8160: gcc -c -g -O2  conftest.c >&5
configure:8160: $? = 0
configure:8160: result: yes
configure:8160: checking for unistd.h
configure:8160: gcc -c -g -O2  conftest.c >&5
configure:8160: $? = 0
configure:8160: result: yes
configure:8174: checking for dlfcn.h
configure:8174: gcc -c -g -O2  conftest.c >&5
configure:8174: $? = 0
configure:8174: result: yes
configure:8441: checking for objdir
configure:8456: result: .libs
configure:8723: checking if gcc supports -fno-rtti -fno-exceptions
configure:8741: gcc -c -g -O2  -fno-rtti -fno-exceptions conftest.c >&5
configure:8745: $? = 0
configure:8758: result: yes
configure:9116: checking for gcc option to produce PIC
configure:9123: result: -fno-common -DPIC
configure:9131: checking if gcc PIC flag -fno-common -DPIC works
configure:9149: gcc -c -g -O2  -fno-common -DPIC -DPIC conftest.c >&5
configure:9153: $? = 0
configure:9166: result: yes
configure:9195: checking if gcc static flag -static works
configure:9223: result: no
configure:9238: checking if gcc supports -c -o file.o
configure:9259: gcc -c -g -O2  -o out/conftest2.o conftest.c >&5
configure:9263: $? = 0
configure:9285: result: yes
configure:9293: checking if gcc supports -c -o file.o
configure:9340: result: yes
configure:9373: checking whether the gcc linker (/Applications/Xcode.app/Contents/Developer/Toolchains/XcodeDefault.xctoolchain/usr/bin/ld) supports shared libraries
configure:10632: result: yes
configure:10872: checking dynamic linker characteristics
configure:11681: result: darwin15.4.0 dyld
configure:11788: checking how to hardcode library paths into programs
configure:11813: result: immediate
configure:12361: checking whether stripping libraries is possible
configure:12375: result: yes
configure:12401: checking if libtool supports shared libraries
configure:12403: result: yes
configure:12406: checking whether to build shared libraries
configure:12431: result: yes
configure:12434: checking whether to build static libraries
configure:12438: result: yes
configure:12461: checking how to run the C++ preprocessor
configure:12488: g++ -E  conftest.cpp
configure:12488: $? = 0
configure:12502: g++ -E  conftest.cpp
conftest.cpp:23:10: fatal error: 'ac_nonexistent.h' file not found
#include <ac_nonexistent.h>
         ^
1 error generated.
configure:12502: $? = 1
configure: failed program was:
| /* confdefs.h */
| #define PACKAGE_NAME "csmith"
| #define PACKAGE_TARNAME "csmith"
| #define PACKAGE_VERSION "2.2.0"
| #define PACKAGE_STRING "csmith 2.2.0"
| #define PACKAGE_BUGREPORT "csmith-bugs@flux.utah.edu"
| #define PACKAGE_URL "http://embed.cs.utah.edu/csmith/"
| #define PACKAGE "csmith"
| #define VERSION "2.2.0"
| #define STDC_HEADERS 1
| #define HAVE_SYS_TYPES_H 1
| #define HAVE_SYS_STAT_H 1
| #define HAVE_STDLIB_H 1
| #define HAVE_STRING_H 1
| #define HAVE_MEMORY_H 1
| #define HAVE_STRINGS_H 1
| #define HAVE_INTTYPES_H 1
| #define HAVE_STDINT_H 1
| #define HAVE_UNISTD_H 1
| #define HAVE_DLFCN_H 1
| #define LT_OBJDIR ".libs/"
| /* end confdefs.h.  */
| #include <ac_nonexistent.h>
configure:12527: result: g++ -E
configure:12547: g++ -E  conftest.cpp
configure:12547: $? = 0
configure:12561: g++ -E  conftest.cpp
conftest.cpp:23:10: fatal error: 'ac_nonexistent.h' file not found
#include <ac_nonexistent.h>
         ^
1 error generated.
configure:12561: $? = 1
configure: failed program was:
| /* confdefs.h */
| #define PACKAGE_NAME "csmith"
| #define PACKAGE_TARNAME "csmith"
| #define PACKAGE_VERSION "2.2.0"
| #define PACKAGE_STRING "csmith 2.2.0"
| #define PACKAGE_BUGREPORT "csmith-bugs@flux.utah.edu"
| #define PACKAGE_URL "http://embed.cs.utah.edu/csmith/"
| #define PACKAGE "csmith"
| #define VERSION "2.2.0"
| #define STDC_HEADERS 1
| #define HAVE_SYS_TYPES_H 1
| #define HAVE_SYS_STAT_H 1
| #define HAVE_STDLIB_H 1
| #define HAVE_STRING_H 1
| #define HAVE_MEMORY_H 1
| #define HAVE_STRINGS_H 1
| #define HAVE_INTTYPES_H 1
| #define HAVE_STDINT_H 1
| #define HAVE_UNISTD_H 1
| #define HAVE_DLFCN_H 1
| #define LT_OBJDIR ".libs/"
| /* end confdefs.h.  */
| #include <ac_nonexistent.h>
configure:12730: checking for ld used by g++
configure:12797: result: /Applications/Xcode.app/Contents/Developer/Toolchains/XcodeDefault.xctoolchain/usr/bin/ld
configure:12804: checking if the linker (/Applications/Xcode.app/Contents/Developer/Toolchains/XcodeDefault.xctoolchain/usr/bin/ld) is GNU ld
configure:12819: result: no
configure:12874: checking whether the g++ linker (/Applications/Xcode.app/Contents/Developer/Toolchains/XcodeDefault.xctoolchain/usr/bin/ld) supports shared libraries
configure:13947: result: yes
configure:13983: g++ -c -g -O2  conftest.cpp >&5
configure:13986: $? = 0
configure:14512: checking for g++ option to produce PIC
configure:14519: result: -fno-common -DPIC
configure:14527: checking if g++ PIC flag -fno-common -DPIC works
configure:14545: g++ -c -g -O2  -fno-common -DPIC -DPIC conftest.cpp >&5
configure:14549: $? = 0
configure:14562: result: yes
configure:14585: checking if g++ static flag -static works
configure:14613: result: no
configure:14625: checking if g++ supports -c -o file.o
configure:14646: g++ -c -g -O2  -o out/conftest2.o conftest.cpp >&5
configure:14650: $? = 0
configure:14672: result: yes
configure:14677: checking if g++ supports -c -o file.o
configure:14724: result: yes
configure:14754: checking whether the g++ linker (/Applications/Xcode.app/Contents/Developer/Toolchains/XcodeDefault.xctoolchain/usr/bin/ld) supports shared libraries
configure:14794: result: yes
configure:14935: checking dynamic linker characteristics
configure:15671: result: darwin15.4.0 dyld
configure:15724: checking how to hardcode library paths into programs
configure:15749: result: immediate
configure:15826: checking for m4
configure:15842: found /usr/bin/m4
configure:15853: result: m4
configure:16013: checking that generated files are newer than configure
configure:16019: result: done
configure:16050: creating ./config.status

## ---------------------- ##
## Running config.status. ##
## ---------------------- ##

This file was extended by csmith config.status 2.2.0, which was
generated by GNU Autoconf 2.69.  Invocation command line was

  CONFIG_FILES    = 
  CONFIG_HEADERS  = 
  CONFIG_LINKS    = 
  CONFIG_COMMANDS = 
  $ ./config.status 

on h-MBP-sl-eitan

config.status:1079: creating Makefile
config.status:1079: creating doc/Makefile
config.status:1079: creating runtime/Makefile
config.status:1079: creating scripts/Makefile
config.status:1079: creating src/Makefile
config.status:1216: executing depfiles commands
config.status:1216: executing libtool commands

## ---------------- ##
## Cache variables. ##
## ---------------- ##

ac_cv_build=x86_64-apple-darwin15.4.0
ac_cv_c_compiler_gnu=yes
ac_cv_cxx_compiler_gnu=yes
ac_cv_env_CCC_set=
ac_cv_env_CCC_value=
ac_cv_env_CC_set=
ac_cv_env_CC_value=
ac_cv_env_CFLAGS_set=
ac_cv_env_CFLAGS_value=
ac_cv_env_CPPFLAGS_set=
ac_cv_env_CPPFLAGS_value=
ac_cv_env_CPP_set=
ac_cv_env_CPP_value=
ac_cv_env_CXXCPP_set=
ac_cv_env_CXXCPP_value=
ac_cv_env_CXXFLAGS_set=
ac_cv_env_CXXFLAGS_value=
ac_cv_env_CXX_set=
ac_cv_env_CXX_value=
ac_cv_env_LDFLAGS_set=
ac_cv_env_LDFLAGS_value=
ac_cv_env_LIBS_set=
ac_cv_env_LIBS_value=
ac_cv_env_build_alias_set=
ac_cv_env_build_alias_value=
ac_cv_env_host_alias_set=
ac_cv_env_host_alias_value=
ac_cv_env_target_alias_set=
ac_cv_env_target_alias_value=
ac_cv_header_dlfcn_h=yes
ac_cv_header_inttypes_h=yes
ac_cv_header_memory_h=yes
ac_cv_header_stdc=yes
ac_cv_header_stdint_h=yes
ac_cv_header_stdlib_h=yes
ac_cv_header_string_h=yes
ac_cv_header_strings_h=yes
ac_cv_header_sys_stat_h=yes
ac_cv_header_sys_types_h=yes
ac_cv_header_unistd_h=yes
ac_cv_host=x86_64-apple-darwin15.4.0
ac_cv_objext=o
ac_cv_path_EGREP='/usr/bin/grep -E'
ac_cv_path_FGREP='/usr/bin/grep -F'
ac_cv_path_GREP=/usr/bin/grep
ac_cv_path_SED=/usr/bin/sed
ac_cv_path_install='/usr/bin/install -c'
ac_cv_path_lt_DD=/bin/dd
ac_cv_prog_AWK=awk
ac_cv_prog_CPP='gcc -E'
ac_cv_prog_CXXCPP='g++ -E'
ac_cv_prog_M4=m4
ac_cv_prog_ac_ct_AR=ar
ac_cv_prog_ac_ct_CC=gcc
ac_cv_prog_ac_ct_CXX=g++
ac_cv_prog_ac_ct_DSYMUTIL=dsymutil
ac_cv_prog_ac_ct_LIPO=lipo
ac_cv_prog_ac_ct_NMEDIT=nmedit
ac_cv_prog_ac_ct_OTOOL=otool
ac_cv_prog_ac_ct_RANLIB=ranlib
ac_cv_prog_ac_ct_STRIP=strip
ac_cv_prog_cc_c89=
ac_cv_prog_cc_g=yes
ac_cv_prog_cxx_g=yes
ac_cv_prog_make_make_set=yes
ac_cv_target=x86_64-apple-darwin15.4.0
am_cv_CC_dependencies_compiler_type=gcc3
am_cv_CXX_dependencies_compiler_type=gcc3
am_cv_make_support_nested_variables=yes
am_cv_prog_cc_c_o=yes
lt_cv_apple_cc_single_mod=yes
lt_cv_ar_at_file=no
lt_cv_deplibs_check_method=pass_all
lt_cv_file_magic_cmd='$MAGIC_CMD'
lt_cv_file_magic_test_file=
lt_cv_ld_exported_symbols_list=yes
lt_cv_ld_force_load=yes
lt_cv_ld_reload_flag=-r
lt_cv_nm_interface='BSD nm'
lt_cv_objdir=.libs
lt_cv_path_LD=/Applications/Xcode.app/Contents/Developer/Toolchains/XcodeDefault.xctoolchain/usr/bin/ld
lt_cv_path_LDCXX=/Applications/Xcode.app/Contents/Developer/Toolchains/XcodeDefault.xctoolchain/usr/bin/ld
lt_cv_path_NM=/usr/bin/nm
lt_cv_path_mainfest_tool=no
lt_cv_prog_compiler_c_o=yes
lt_cv_prog_compiler_c_o_CXX=yes
lt_cv_prog_compiler_pic='-fno-common -DPIC'
lt_cv_prog_compiler_pic_CXX='-fno-common -DPIC'
lt_cv_prog_compiler_pic_works=yes
lt_cv_prog_compiler_pic_works_CXX=yes
lt_cv_prog_compiler_rtti_exceptions=yes
lt_cv_prog_compiler_static_works=no
lt_cv_prog_compiler_static_works_CXX=no
lt_cv_prog_gnu_ld=no
lt_cv_prog_gnu_ldcxx=no
lt_cv_sharedlib_from_linklib_cmd='printf %s\n'
lt_cv_sys_global_symbol_pipe='sed -n -e '\''s/^.*[	 ]\([BCDEGRST][BCDEGRST]*\)[	 ][	 ]*_\([_A-Za-z][_A-Za-z0-9]*\)$/\1 _\2 \2/p'\'' | sed '\''/ __gnu_lto/d'\'''
lt_cv_sys_global_symbol_to_c_name_address='sed -n -e '\''s/^: \(.*\) .*$/  {"\1", (void *) 0},/p'\'' -e '\''s/^[BCDEGRST][BCDEGRST]* .* \(.*\)$/  {"\1", (void *) \&\1},/p'\'''
lt_cv_sys_global_symbol_to_c_name_address_lib_prefix='sed -n -e '\''s/^: \(.*\) .*$/  {"\1", (void *) 0},/p'\'' -e '\''s/^[BCDEGRST][BCDEGRST]* .* \(lib.*\)$/  {"\1", (void *) \&\1},/p'\'' -e '\''s/^[BCDEGRST][BCDEGRST]* .* \(.*\)$/  {"lib\1", (void *) \&\1},/p'\'''
lt_cv_sys_global_symbol_to_cdecl='sed -n -e '\''s/^T .* \(.*\)$/extern int \1();/p'\'' -e '\''s/^[BCDEGRST][BCDEGRST]* .* \(.*\)$/extern char \1;/p'\'''
lt_cv_sys_global_symbol_to_import=
lt_cv_sys_max_cmd_len=196608
lt_cv_to_host_file_cmd=func_convert_file_noop
lt_cv_to_tool_file_cmd=func_convert_file_noop
lt_cv_truncate_bin='/bin/dd bs=4096 count=1'

## ----------------- ##
## Output variables. ##
## ----------------- ##

ACLOCAL='${SHELL} "/Users/eitanmashiah/Documents/שנה שלישית - סמסטר ב/סדנה בשפות תכנות/csmith-2.2.0/autoconf/missing" aclocal-1.14'
AMDEPBACKSLASH='\'
AMDEP_FALSE='#'
AMDEP_TRUE=''
AMTAR='$${TAR-tar}'
AM_BACKSLASH='\'
AM_DEFAULT_V='$(AM_DEFAULT_VERBOSITY)'
AM_DEFAULT_VERBOSITY='1'
AM_V='$(V)'
AR='ar'
AUTOCONF='${SHELL} "/Users/eitanmashiah/Documents/שנה שלישית - סמסטר ב/סדנה בשפות תכנות/csmith-2.2.0/autoconf/missing" autoconf'
AUTOHEADER='${SHELL} "/Users/eitanmashiah/Documents/שנה שלישית - סמסטר ב/סדנה בשפות תכנות/csmith-2.2.0/autoconf/missing" autoheader'
AUTOMAKE='${SHELL} "/Users/eitanmashiah/Documents/שנה שלישית - סמסטר ב/סדנה בשפות תכנות/csmith-2.2.0/autoconf/missing" automake-1.14'
AWK='awk'
CC='gcc'
CCDEPMODE='depmode=gcc3'
CFLAGS='-g -O2'
CPP='gcc -E'
CPPFLAGS=''
CXX='g++'
CXXCPP='g++ -E'
CXXDEPMODE='depmode=gcc3'
CXXFLAGS='-g -O3 -Wall -Wextra -Wno-long-long'
CYGPATH_W='echo'
DEFS='-DPACKAGE_NAME=\"csmith\" -DPACKAGE_TARNAME=\"csmith\" -DPACKAGE_VERSION=\"2.2.0\" -DPACKAGE_STRING=\"csmith\ 2.2.0\" -DPACKAGE_BUGREPORT=\"csmith-bugs@flux.utah.edu\" -DPACKAGE_URL=\"http://embed.cs.utah.edu/csmith/\" -DPACKAGE=\"csmith\" -DVERSION=\"2.2.0\" -DSTDC_HEADERS=1 -DHAVE_SYS_TYPES_H=1 -DHAVE_SYS_STAT_H=1 -DHAVE_STDLIB_H=1 -DHAVE_STRING_H=1 -DHAVE_MEMORY_H=1 -DHAVE_STRINGS_H=1 -DHAVE_INTTYPES_H=1 -DHAVE_STDINT_H=1 -DHAVE_UNISTD_H=1 -DHAVE_DLFCN_H=1 -DLT_OBJDIR=\".libs/\"'
DEPDIR='.deps'
DLLTOOL='false'
DSYMUTIL='dsymutil'
DUMPBIN=''
ECHO_C='\c'
ECHO_N=''
ECHO_T=''
EGREP='/usr/bin/grep -E'
EXEEXT=''
FGREP='/usr/bin/grep -F'
GREP='/usr/bin/grep'
INSTALL_DATA='${INSTALL} -m 644'
INSTALL_PROGRAM='${INSTALL}'
INSTALL_SCRIPT='${INSTALL}'
INSTALL_STRIP_PROGRAM='$(install_sh) -c -s'
LD='/Applications/Xcode.app/Contents/Developer/Toolchains/XcodeDefault.xctoolchain/usr/bin/ld'
LDFLAGS=''
LIBOBJS=''
LIBS=''
LIBTOOL='$(SHELL) $(top_builddir)/libtool'
LIPO='lipo'
LN_S='ln -s'
LTLIBOBJS=''
M4='m4'
MAINT='#'
MAINTAINER_MODE_FALSE=''
MAINTAINER_MODE_TRUE='#'
MAKEINFO='${SHELL} "/Users/eitanmashiah/Documents/שנה שלישית - סמסטר ב/סדנה בשפות תכנות/csmith-2.2.0/autoconf/missing" makeinfo'
MANIFEST_TOOL=':'
MKDIR_P='autoconf/install-sh -c -d'
NM='/usr/bin/nm'
NMEDIT='nmedit'
OBJDUMP='false'
OBJEXT='o'
OTOOL64=':'
OTOOL='otool'
PACKAGE='csmith'
PACKAGE_BUGREPORT='csmith-bugs@flux.utah.edu'
PACKAGE_NAME='csmith'
PACKAGE_STRING='csmith 2.2.0'
PACKAGE_TARNAME='csmith'
PACKAGE_URL='http://embed.cs.utah.edu/csmith/'
PACKAGE_VERSION='2.2.0'
PATH_SEPARATOR=':'
RANLIB='ranlib'
SED='/usr/bin/sed'
SET_MAKE=''
SHELL='/bin/sh'
STRIP='strip'
VERSION='2.2.0'
ac_ct_AR='ar'
ac_ct_CC='gcc'
ac_ct_CXX='g++'
ac_ct_DUMPBIN=''
am__EXEEXT_FALSE=''
am__EXEEXT_TRUE='#'
am__fastdepCC_FALSE='#'
am__fastdepCC_TRUE=''
am__fastdepCXX_FALSE='#'
am__fastdepCXX_TRUE=''
am__include='include'
am__isrc=''
am__leading_dot='.'
am__nodep='_no'
am__quote=''
am__tar='$${TAR-tar} chof - "$$tardir"'
am__untar='$${TAR-tar} xf -'
bindir='${exec_prefix}/bin'
build='x86_64-apple-darwin15.4.0'
build_alias=''
build_cpu='x86_64'
build_os='darwin15.4.0'
build_vendor='apple'
datadir='${datarootdir}'
datarootdir='${prefix}/share'
docdir='${datarootdir}/doc/${PACKAGE_TARNAME}'
dvidir='${docdir}'
exec_prefix='${prefix}'
host='x86_64-apple-darwin15.4.0'
host_alias=''
host_cpu='x86_64'
host_os='darwin15.4.0'
host_vendor='apple'
htmldir='${docdir}'
includedir='${prefix}/include'
infodir='${datarootdir}/info'
install_sh='${SHELL} '\''/Users/eitanmashiah/Documents/שנה שלישית - סמסטר ב/סדנה בשפות תכנות/csmith-2.2.0/autoconf/install-sh'\'''
libdir='${exec_prefix}/lib'
libexecdir='${exec_prefix}/libexec'
localedir='${datarootdir}/locale'
localstatedir='${prefix}/var'
mandir='${datarootdir}/man'
mkdir_p='$(MKDIR_P)'
oldincludedir='/usr/include'
pdfdir='${docdir}'
prefix='/usr/local'
program_transform_name='s,x,x,'
psdir='${docdir}'
sbindir='${exec_prefix}/sbin'
sharedstatedir='${prefix}/com'
sysconfdir='${prefix}/etc'
target='x86_64-apple-darwin15.4.0'
target_alias=''
target_cpu='x86_64'
target_os='darwin15.4.0'
target_vendor='apple'

## ----------- ##
## confdefs.h. ##
## ----------- ##

/* confdefs.h */
#define PACKAGE_NAME "csmith"
#define PACKAGE_TARNAME "csmith"
#define PACKAGE_VERSION "2.2.0"
#define PACKAGE_STRING "csmith 2.2.0"
#define PACKAGE_BUGREPORT "csmith-bugs@flux.utah.edu"
#define PACKAGE_URL "http://embed.cs.utah.edu/csmith/"
#define PACKAGE "csmith"
#define VERSION "2.2.0"
#define STDC_HEADERS 1
#define HAVE_SYS_TYPES_H 1
#define HAVE_SYS_STAT_H 1
#define HAVE_STDLIB_H 1
#define HAVE_STRING_H 1
#define HAVE_MEMORY_H 1
#define HAVE_STRINGS_H 1
#define HAVE_INTTYPES_H 1
#define HAVE_STDINT_H 1
#define HAVE_UNISTD_H 1
#define HAVE_DLFCN_H 1
#define LT_OBJDIR ".libs/"

configure: exit 0
